<?xml version="1.0" encoding="UTF-8"?>
<!-- Generated by org.testng.reporters.JUnitReportReporter -->
<testsuite skipped="0" hostname="DESKTOP-Q4R4JJE" name="test.ProductMenagementTest" tests="2" failures="0" timestamp="2020-05-15T20:24:40 CEST" time="83.319" errors="0">
  <testcase name="addProducts" time="60.225" classname="test.ProductMenagementTest"/>
  <system-out/>
  <testcase name="priceChange" time="23.094" classname="test.ProductMenagementTest"/>
  <system-out/>
</testsuite> <!-- test.ProductMenagementTest -->
