<?xml version="1.0" encoding="UTF-8"?>
<!-- Generated by org.testng.reporters.JUnitReportReporter -->
<testsuite skipped="0" hostname="DESKTOP-Q4R4JJE" name="test.LogInAndRegisterTest" tests="1" failures="0" timestamp="2020-05-15T20:24:40 CEST" time="10.421" errors="0">
  <testcase name="logInNonRegisteredUsertest" time="10.421" classname="test.LogInAndRegisterTest"/>
  <system-out/>
</testsuite> <!-- test.LogInAndRegisterTest -->
