<?xml version="1.0" encoding="UTF-8"?>
<!-- Generated by org.testng.reporters.JUnitReportReporter -->
<testsuite skipped="0" hostname="DESKTOP-Q4R4JJE" name="test.CalculatorTest" tests="12" failures="0" timestamp="2020-05-14T22:41:43 CEST" time="0.020" errors="0">
  <testcase name="addTest" time="0.001" classname="test.CalculatorTest"/>
  <system-out/>
  <testcase name="setValueTest" time="0.000" classname="test.CalculatorTest"/>
  <system-out/>
  <testcase name="divTest" time="0.001" classname="test.CalculatorTest"/>
  <system-out/>
  <testcase name="addTest" time="0.002" classname="test.CalculatorTest"/>
  <system-out/>
  <testcase name="divTest" time="0.001" classname="test.CalculatorTest"/>
  <system-out/>
  <testcase name="setValueTest" time="0.002" classname="test.CalculatorTest"/>
  <system-out/>
  <testcase name="addTest" time="0.009" classname="test.CalculatorTest"/>
  <system-out/>
  <testcase name="divTest" time="0.002" classname="test.CalculatorTest"/>
  <system-out/>
  <testcase name="setValueTest" time="0.001" classname="test.CalculatorTest"/>
  <system-out/>
  <testcase name="addTest" time="0.001" classname="test.CalculatorTest"/>
  <system-out/>
  <testcase name="divTest" time="0.000" classname="test.CalculatorTest"/>
  <system-out/>
  <testcase name="setValueTest" time="0.000" classname="test.CalculatorTest"/>
  <system-out/>
</testsuite> <!-- test.CalculatorTest -->
